{"C:\\epam\\hometask\\src\\components\\Button.js": {"path":"C:\\epam\\hometask\\src\\components\\Button.js","statementMap":{"0":{"start":{"line":4,"column":15},"end":{"line":10,"column":1}},"1":{"start":{"line":5,"column":4},"end":{"line":9,"column":6}}},"fnMap":{"0":{"name":"(anonymous_0)","decl":{"start":{"line":4,"column":15},"end":{"line":4,"column":16}},"loc":{"start":{"line":4,"column":48},"end":{"line":10,"column":1}},"line":4}},"branchMap":{"0":{"loc":{"start":{"line":6,"column":39},"end":{"line":6,"column":85}},"type":"cond-expr","locations":[{"start":{"line":6,"column":48},"end":{"line":6,"column":64}},{"start":{"line":6,"column":67},"end":{"line":6,"column":85}}],"line":6}},"s":{"0":1,"1":3},"f":{"0":3},"b":{"0":[1,2]},"_coverageSchema":"332fd63041d2c1bcb487cc26dd0d5f7d97098a6c","hash":"6dd5b6efb71cd98003356ebfb2b945ea30c7977c"}
,"C:\\epam\\hometask\\src\\components\\Description.js": {"path":"C:\\epam\\hometask\\src\\components\\Description.js","statementMap":{"0":{"start":{"line":4,"column":20},"end":{"line":4,"column":66}},"1":{"start":{"line":4,"column":32},"end":{"line":4,"column":66}}},"fnMap":{"0":{"name":"(anonymous_0)","decl":{"start":{"line":4,"column":20},"end":{"line":4,"column":21}},"loc":{"start":{"line":4,"column":32},"end":{"line":4,"column":66}},"line":4}},"branchMap":{},"s":{"0":1,"1":2},"f":{"0":2},"b":{},"_coverageSchema":"332fd63041d2c1bcb487cc26dd0d5f7d97098a6c","hash":"0ecef6975b11eab412b5354d2e79d7c46053f042"}
,"C:\\epam\\hometask\\src\\components\\Image.js": {"path":"C:\\epam\\hometask\\src\\components\\Image.js","statementMap":{"0":{"start":{"line":4,"column":14},"end":{"line":6,"column":1}},"1":{"start":{"line":5,"column":4},"end":{"line":5,"column":68}}},"fnMap":{"0":{"name":"(anonymous_0)","decl":{"start":{"line":4,"column":14},"end":{"line":4,"column":15}},"loc":{"start":{"line":4,"column":30},"end":{"line":6,"column":1}},"line":4}},"branchMap":{},"s":{"0":2,"1":2},"f":{"0":2},"b":{},"_coverageSchema":"332fd63041d2c1bcb487cc26dd0d5f7d97098a6c","hash":"46382357f22cc79f305ebc5c969e6b1b849f4d11"}
,"C:\\epam\\hometask\\src\\components\\MovieItem.js": {"path":"C:\\epam\\hometask\\src\\components\\MovieItem.js","statementMap":{"0":{"start":{"line":5,"column":18},"end":{"line":14,"column":1}},"1":{"start":{"line":6,"column":4},"end":{"line":13,"column":6}}},"fnMap":{"0":{"name":"(anonymous_0)","decl":{"start":{"line":5,"column":18},"end":{"line":5,"column":19}},"loc":{"start":{"line":5,"column":48},"end":{"line":14,"column":1}},"line":5}},"branchMap":{},"s":{"0":1,"1":2},"f":{"0":2},"b":{},"_coverageSchema":"332fd63041d2c1bcb487cc26dd0d5f7d97098a6c","hash":"d0554cd62e04d6e068e06dbfa5769a72d82d4b36"}
,"C:\\epam\\hometask\\src\\components\\MovieVote.js": {"path":"C:\\epam\\hometask\\src\\components\\MovieVote.js","statementMap":{"0":{"start":{"line":4,"column":18},"end":{"line":4,"column":71}},"1":{"start":{"line":4,"column":30},"end":{"line":4,"column":71}}},"fnMap":{"0":{"name":"(anonymous_0)","decl":{"start":{"line":4,"column":18},"end":{"line":4,"column":19}},"loc":{"start":{"line":4,"column":30},"end":{"line":4,"column":71}},"line":4}},"branchMap":{},"s":{"0":1,"1":2},"f":{"0":2},"b":{},"_coverageSchema":"332fd63041d2c1bcb487cc26dd0d5f7d97098a6c","hash":"592c8428356ad85de9f68e249bc18a61d6dad04e"}
,"C:\\epam\\hometask\\src\\components\\SearchInput.js": {"path":"C:\\epam\\hometask\\src\\components\\SearchInput.js","statementMap":{"0":{"start":{"line":4,"column":20},"end":{"line":6,"column":1}},"1":{"start":{"line":5,"column":4},"end":{"line":5,"column":59}}},"fnMap":{"0":{"name":"(anonymous_0)","decl":{"start":{"line":4,"column":20},"end":{"line":4,"column":21}},"loc":{"start":{"line":4,"column":26},"end":{"line":6,"column":1}},"line":4}},"branchMap":{},"s":{"0":1,"1":1},"f":{"0":1},"b":{},"_coverageSchema":"332fd63041d2c1bcb487cc26dd0d5f7d97098a6c","hash":"d3d4aba03f512699bf2b55444f75d01e456bb956"}
,"C:\\epam\\hometask\\src\\components\\Tagline.js": {"path":"C:\\epam\\hometask\\src\\components\\Tagline.js","statementMap":{"0":{"start":{"line":4,"column":16},"end":{"line":4,"column":71}},"1":{"start":{"line":4,"column":31},"end":{"line":4,"column":71}}},"fnMap":{"0":{"name":"(anonymous_0)","decl":{"start":{"line":4,"column":16},"end":{"line":4,"column":17}},"loc":{"start":{"line":4,"column":31},"end":{"line":4,"column":71}},"line":4}},"branchMap":{},"s":{"0":1,"1":2},"f":{"0":2},"b":{},"_coverageSchema":"332fd63041d2c1bcb487cc26dd0d5f7d97098a6c","hash":"e8ad0fb3a2db64d6d87e6b4e12529decdea88b2c"}
,"C:\\epam\\hometask\\src\\tests\\setupTests.js": {"path":"C:\\epam\\hometask\\src\\tests\\setupTests.js","statementMap":{"0":{"start":{"line":4,"column":0},"end":{"line":4,"column":45}}},"fnMap":{},"branchMap":{},"s":{"0":7},"f":{},"b":{},"_coverageSchema":"332fd63041d2c1bcb487cc26dd0d5f7d97098a6c","hash":"e27fe422f27217efbcaab10185b2fb05203a3b69"}
}
